[LOG] System::create                           : Header version = 2.00.08. Current version = 2.00.08.
[LOG] Manager::init                            : maxchannels = 256 studioflags = 00000006 flags 00000000 extradriverdata 0000000000000000.
[LOG] SystemI::init                            : Initialize version=20008 (108014), maxchannels=256, flags=0x00020000
[LOG] SystemI::setOutputInternal               : Setting output to 'FMOD WASAPI Output'
[LOG] OutputWASAPI::init                       : Mix Format (WAVEFORMATEX): wFormatTag=0xFFFE, nChannels=8, nSamplesPerSec=48000, nAvgBytesPerSec=1536000, nBlockAlign=32, wBitsPerSample=32, cbSize=22.
[LOG] OutputWASAPI::init                       : Mix Format (WAVEFORMATEXTENSIBLE): wValidBitsPerSample=32, dwChannelMask=0x0000063F, SubFormat=00000003-0000-0010-8000-00AA00389B71.
[LOG] OutputWASAPI::init                       : Output buffer size: 4096 samples, latency: 0.00ms, period: 10.00ms, DSP buffer: 1024 * 4
[LOG] DownMix::init                            : dspbuffersize: 1024  rate: 48000. output speaker mode: 7, input speaker mode 3
[LOG] DownMix::init                            : done.
[LOG] Thread::initThread                       : Init FMOD stream thread. Priority: 2, Stack Size: 98304, Semaphore: No, Sleep Time: 10, Looping: Yes.
[LOG] Thread::initThread                       : Init FMOD mixer thread. Priority: 3, Stack Size: 81920, Semaphore: No, Sleep Time: 0, Looping: Yes.
[LOG] AsyncManager::init                       : manager 000001833A8E7DA8 isAsync 0 updatePeriod 0.02
[LOG] AsyncManager::init                       : done
[LOG] PlaybackSystem::init                     : 
[LOG] Thread::initThread                       : Init FMOD Studio sample load thread. Priority: 0, Stack Size: 98304, Semaphore: No, Sleep Time: 1, Looping: No.
[LOG] PlaybackSystem::init                     : done
[LOG] Thread::initThread                       : Init FMOD Studio bank load thread. Priority: 0, Stack Size: 98304, Semaphore: No, Sleep Time: 1, Looping: No.
[LOG] Manager::init                            : done.
[LOG] Manager::readBank                        : fileversion = 100, compatVersion = 99 (oldest = 44, newest = 125)
[LOG] SystemI::createSoundInternal             : Create name='', mode=0x02000202
[LOG] SystemI::createSoundInternal             : exinfo->cbsize             = 224
[LOG] SystemI::createSoundInternal             : exinfo->length             = 4111008
[LOG] SystemI::createSoundInternal             : exinfo->fileoffset         = 23552
[LOG] SystemI::createSoundInternal             : exinfo->numsubsounds       = 1
[LOG] SystemI::createSoundInternal             : exinfo->inclusionlist      = 0000005F7B2FF17C
[LOG] SystemI::createSoundInternal             : exinfo->inclusionlistnum   = 1
[LOG] SystemI::createSoundInternal             : exinfo->suggestedsoundtype = 5
[LOG] SystemI::createSoundInternal             : exinfo->useropen           = 00007FFC3D0EC320
[LOG] SystemI::createSoundInternal             : exinfo->userclose          = 00007FFC3D0EC2F0
[LOG] SystemI::createSoundInternal             : exinfo->userread           = 00007FFC3D0EC3F0
[LOG] SystemI::createSoundInternal             : exinfo->userseek           = 00007FFC3D0EC4B0
[LOG] SystemI::createSoundInternal             : exinfo->fileuserdata       = 000001831C1C8908
[LOG] SystemI::createSoundInternal             : exinfo->initialseekpostype = 1
[LOG] SystemI::DSPCodecPoolRegister            : register codec pool for pool type 5
[LOG] SystemI::createSoundInternal             : Sample 0/1: name='486234__bennettfilmteacher__whooshforwhipzoom', format=2, channels=2, frequency=48000, lengthbytes=4864, lengthpcm=17768, pcmblocksize=0, loopstart=0, loopend=0, mode=0x00000000, channelmask=0x00000000, channelorder=0, peakvolume=0.673035.
[LOG] SystemI::createSoundInternal             : Create name='', mode=0x02000202
[LOG] SystemI::createSoundInternal             : exinfo->cbsize             = 224
[LOG] SystemI::createSoundInternal             : exinfo->length             = 4111008
[LOG] SystemI::createSoundInternal             : exinfo->fileoffset         = 23552
[LOG] SystemI::createSoundInternal             : exinfo->numsubsounds       = 1
[LOG] SystemI::createSoundInternal             : exinfo->inclusionlist      = 0000005F7B2FF17C
[LOG] SystemI::createSoundInternal             : exinfo->inclusionlistnum   = 1
[LOG] SystemI::createSoundInternal             : exinfo->suggestedsoundtype = 5
[LOG] SystemI::createSoundInternal             : exinfo->useropen           = 00007FFC3D0EC320
[LOG] SystemI::createSoundInternal             : exinfo->userclose          = 00007FFC3D0EC2F0
[LOG] SystemI::createSoundInternal             : exinfo->userread           = 00007FFC3D0EC3F0
[LOG] SystemI::createSoundInternal             : exinfo->userseek           = 00007FFC3D0EC4B0
[LOG] SystemI::createSoundInternal             : exinfo->fileuserdata       = 000001831C1C8908
[LOG] SystemI::createSoundInternal             : exinfo->initialseekpostype = 1
[LOG] SystemI::DSPCodecPoolRegister            : register codec pool for pool type 5
[LOG] SystemI::createSoundInternal             : Sample 0/1: name='435414__v-ktor__explosion11', format=2, channels=1, frequency=48000, lengthbytes=13984, lengthpcm=85333, pcmblocksize=0, loopstart=0, loopend=0, mode=0x00000000, channelmask=0x00000000, channelorder=0, peakvolume=0.999969.
[LOG] SystemI::createSoundInternal             : Create name='', mode=0x02000202
[LOG] SystemI::createSoundInternal             : exinfo->cbsize             = 224
[LOG] SystemI::createSoundInternal             : exinfo->length             = 168704
[LOG] SystemI::createSoundInternal             : exinfo->fileoffset         = 4134592
[LOG] SystemI::createSoundInternal             : exinfo->numsubsounds       = 1
[LOG] SystemI::createSoundInternal             : exinfo->inclusionlist      = 0000005F7B2FF17C
[LOG] SystemI::createSoundInternal             : exinfo->inclusionlistnum   = 1
[LOG] SystemI::createSoundInternal             : exinfo->suggestedsoundtype = 5
[LOG] SystemI::createSoundInternal             : exinfo->useropen           = 00007FFC3D0EC320
[LOG] SystemI::createSoundInternal             : exinfo->userclose          = 00007FFC3D0EC2F0
[LOG] SystemI::createSoundInternal             : exinfo->userread           = 00007FFC3D0EC3F0
[LOG] SystemI::createSoundInternal             : exinfo->userseek           = 00007FFC3D0EC4B0
[LOG] SystemI::createSoundInternal             : exinfo->fileuserdata       = 000001838A96AD68
[LOG] SystemI::createSoundInternal             : exinfo->initialseekpostype = 1
[LOG] SystemI::createSoundInternal             : Sample 0/1: name='411749__natty23__bell-ding', format=2, channels=2, frequency=48000, lengthbytes=168576, lengthpcm=42121, pcmblocksize=0, loopstart=0, loopend=0, mode=0x00000000, channelmask=0x00000000, channelorder=0, peakvolume=0.999329.
[LOG] Manager::readBank                        : fileversion = 100, compatVersion = 99 (oldest = 44, newest = 125)
[LOG] SystemI::createSound                     : filename = ..\SunRacerFMod\Build\Desktop/Master Bank.bank : mode 02010082
[LOG] SystemI::createSound                     : FMOD_NONBLOCKING specified.  Putting into queue to be opened asynchronously!
[LOG] SystemI::createSound                     : setdata soundi = 000001832D951018 : node = 000001835EFE9A10
[LOG] SystemI::createSound                     : add node to async list : head = 000001831C39FE68.  list count = 0
[LOG] AsyncThread::threadFunc                  : Starting Asynchronous operation on sound 000001832D951018
[LOG] SystemI::createSoundInternal             :     Create name='..\SunRacerFMod\Build\Desktop/Master Bank.bank', mode=0x02010082
[LOG] SystemI::createSoundInternal             :     exinfo->cbsize             = 224
[LOG] SystemI::createSoundInternal             :     exinfo->length             = 4111008
[LOG] SystemI::createSoundInternal             :     exinfo->fileoffset         = 23552
[LOG] SystemI::createSoundInternal             :     exinfo->numsubsounds       = 1
[LOG] SystemI::createSoundInternal             :     exinfo->inclusionlist      = 000001835EFE9B20
[LOG] SystemI::createSoundInternal             :     exinfo->inclusionlistnum   = 1
[LOG] SystemI::createSoundInternal             :     exinfo->suggestedsoundtype = 5
[LOG] SystemI::createSoundInternal             :     exinfo->initialseekposition = 8000
[LOG] SystemI::createSoundInternal             :     exinfo->initialseekpostype = 1
[LOG] SystemI::createSoundInternal             :     Stream 0/1: name='249904__yapppy__chillout-beat-120bpm', format=2, channels=2, frequency=48000, lengthbytes=686816, lengthpcm=2688000, pcmblocksize=0, loopstart=0, loopend=0, mode=0x00000000, channelmask=0x00000000, channelorder=0, peakvolume=0.975647.
[LOG] AsyncThread::threadFunc                  : Finished Asynchronous operation on sound 000001832D951018
[LOG] SoundI::getSubSound                      : sound 000001832D951018.  Subsound index 0 / 1
[LOG] SoundI::release                          : 249904__yapppy__chillout-beat-120bpm (000001832D950218)
[LOG] SoundI::release                          :     249904__yapppy__chillout-beat-120bpm (000001831C39E728)
[LOG] SoundI::release                          :     249904__yapppy__chillout-beat-120bpm (000001832D94F958)
[LOG] Manager::readBank                        : fileversion = 100, compatVersion = 99 (oldest = 44, newest = 125)
[LOG] SystemI::createSound                     : filename = ..\SunRacerFMod\Build\Desktop/Master Bank.bank : mode 02010082
[LOG] SystemI::createSound                     : FMOD_NONBLOCKING specified.  Putting into queue to be opened asynchronously!
[LOG] SystemI::createSound                     : setdata soundi = 000001832D9511D8 : node = 00000183447F42B0
[LOG] SystemI::createSound                     : add node to async list : head = 000001831C39FE68.  list count = 0
[LOG] AsyncThread::threadFunc                  : Starting Asynchronous operation on sound 000001832D9511D8
[LOG] SystemI::createSoundInternal             :     Create name='..\SunRacerFMod\Build\Desktop/Master Bank.bank', mode=0x02010082
[LOG] SystemI::createSoundInternal             :     exinfo->cbsize             = 224
[LOG] SystemI::createSoundInternal             :     exinfo->length             = 4111008
[LOG] SystemI::createSoundInternal             :     exinfo->fileoffset         = 23552
[LOG] SystemI::createSoundInternal             :     exinfo->numsubsounds       = 1
[LOG] SystemI::createSoundInternal             :     exinfo->inclusionlist      = 00000183447F43C0
[LOG] SystemI::createSoundInternal             :     exinfo->inclusionlistnum   = 1
[LOG] SystemI::createSoundInternal             :     exinfo->suggestedsoundtype = 5
[LOG] SystemI::createSoundInternal             :     exinfo->initialseekposition = 8000
[LOG] SystemI::createSoundInternal             :     exinfo->initialseekpostype = 1
[LOG] SystemI::createSoundInternal             :     Stream 0/1: name='249904__yapppy__chillout-beat-120bpm', format=2, channels=2, frequency=48000, lengthbytes=686816, lengthpcm=2688000, pcmblocksize=0, loopstart=0, loopend=0, mode=0x00000000, channelmask=0x00000000, channelorder=0, peakvolume=0.975647.
[LOG] AsyncThread::threadFunc                  : Finished Asynchronous operation on sound 000001832D9511D8
[LOG] SoundI::getSubSound                      : sound 000001832D9511D8.  Subsound index 0 / 1
[LOG] SoundI::release                          : 249904__yapppy__chillout-beat-120bpm (000001832D951018)
[LOG] SoundI::release                          :     249904__yapppy__chillout-beat-120bpm (000001832D15FA58)
[LOG] SoundI::release                          :     249904__yapppy__chillout-beat-120bpm (000001832D950918)
[LOG] Manager::readBank                        : fileversion = 100, compatVersion = 99 (oldest = 44, newest = 125)
[LOG] SystemI::createSound                     : filename = ..\SunRacerFMod\Build\Desktop/Master Bank.bank : mode 02010082
[LOG] SystemI::createSound                     : FMOD_NONBLOCKING specified.  Putting into queue to be opened asynchronously!
[LOG] SystemI::createSound                     : setdata soundi = 000001832D951718 : node = 00000183447F4400
[LOG] SystemI::createSound                     : add node to async list : head = 000001831C39FE68.  list count = 0
[LOG] AsyncThread::threadFunc                  : Starting Asynchronous operation on sound 000001832D951718
[LOG] SystemI::createSoundInternal             :     Create name='..\SunRacerFMod\Build\Desktop/Master Bank.bank', mode=0x02010082
[LOG] SystemI::createSoundInternal             :     exinfo->cbsize             = 224
[LOG] SystemI::createSoundInternal             :     exinfo->length             = 4111008
[LOG] SystemI::createSoundInternal             :     exinfo->fileoffset         = 23552
[LOG] SystemI::createSoundInternal             :     exinfo->numsubsounds       = 1
[LOG] SystemI::createSoundInternal             :     exinfo->inclusionlist      = 00000183447F4510
[LOG] SystemI::createSoundInternal             :     exinfo->inclusionlistnum   = 1
[LOG] SystemI::createSoundInternal             :     exinfo->suggestedsoundtype = 5
[LOG] SystemI::createSoundInternal             :     exinfo->initialseekposition = 8000
[LOG] SystemI::createSoundInternal             :     exinfo->initialseekpostype = 1
[LOG] SystemI::createSoundInternal             :     Stream 0/1: name='249904__yapppy__chillout-beat-120bpm', format=2, channels=2, frequency=48000, lengthbytes=686816, lengthpcm=2688000, pcmblocksize=0, loopstart=0, loopend=0, mode=0x00000000, channelmask=0x00000000, channelorder=0, peakvolume=0.975647.
[LOG] AsyncThread::threadFunc                  : Finished Asynchronous operation on sound 000001832D951718
[LOG] SoundI::getSubSound                      : sound 000001832D951718.  Subsound index 0 / 1
[LOG] SoundI::release                          : 249904__yapppy__chillout-beat-120bpm (000001832D9511D8)
[LOG] SoundI::release                          :     249904__yapppy__chillout-beat-120bpm (000001832D15FC08)
[LOG] SoundI::release                          :     249904__yapppy__chillout-beat-120bpm (000001832D950AD8)
[LOG] Manager::readBank                        : fileversion = 100, compatVersion = 99 (oldest = 44, newest = 125)
[LOG] SystemI::createSound                     : filename = ..\SunRacerFMod\Build\Desktop/Master Bank.bank : mode 02010082
[LOG] SystemI::createSound                     : FMOD_NONBLOCKING specified.  Putting into queue to be opened asynchronously!
[LOG] SystemI::createSound                     : setdata soundi = 000001832D94F958 : node = 000001835EFE9230
[LOG] SystemI::createSound                     : add node to async list : head = 000001831C39FE68.  list count = 0
[LOG] AsyncThread::threadFunc                  : Starting Asynchronous operation on sound 000001832D94F958
[LOG] SystemI::createSoundInternal             :     Create name='..\SunRacerFMod\Build\Desktop/Master Bank.bank', mode=0x02010082
[LOG] SystemI::createSoundInternal             :     exinfo->cbsize             = 224
[LOG] SystemI::createSoundInternal             :     exinfo->length             = 4111008
[LOG] SystemI::createSoundInternal             :     exinfo->fileoffset         = 23552
[LOG] SystemI::createSoundInternal             :     exinfo->numsubsounds       = 1
[LOG] SystemI::createSoundInternal             :     exinfo->inclusionlist      = 000001835EFE9340
[LOG] SystemI::createSoundInternal             :     exinfo->inclusionlistnum   = 1
[LOG] SystemI::createSoundInternal             :     exinfo->suggestedsoundtype = 5
[LOG] SystemI::createSoundInternal             :     exinfo->initialseekposition = 8000
[LOG] SystemI::createSoundInternal             :     exinfo->initialseekpostype = 1
[LOG] SystemI::createSoundInternal             :     Stream 0/1: name='249904__yapppy__chillout-beat-120bpm', format=2, channels=2, frequency=48000, lengthbytes=686816, lengthpcm=2688000, pcmblocksize=0, loopstart=0, loopend=0, mode=0x00000000, channelmask=0x00000000, channelorder=0, peakvolume=0.975647.
[LOG] AsyncThread::threadFunc                  : Finished Asynchronous operation on sound 000001832D94F958
[LOG] SoundI::getSubSound                      : sound 000001832D94F958.  Subsound index 0 / 1
[LOG] SoundI::release                          : 249904__yapppy__chillout-beat-120bpm (000001832D951718)
[LOG] SoundI::release                          :     249904__yapppy__chillout-beat-120bpm (000001832D15FA58)
[LOG] SoundI::release                          :     249904__yapppy__chillout-beat-120bpm (000001832D951018)
[LOG] Manager::readBank                        : fileversion = 100, compatVersion = 99 (oldest = 44, newest = 125)
[LOG] SystemI::createSound                     : filename = ..\SunRacerFMod\Build\Desktop/Master Bank.bank : mode 02010082
[LOG] SystemI::createSound                     : FMOD_NONBLOCKING specified.  Putting into queue to be opened asynchronously!
[LOG] SystemI::createSound                     : setdata soundi = 000001832D94FB18 : node = 000001833B655270
[LOG] SystemI::createSound                     : add node to async list : head = 000001831C39FE68.  list count = 0
[LOG] AsyncThread::threadFunc                  : Starting Asynchronous operation on sound 000001832D94FB18
[LOG] SystemI::createSoundInternal             :     Create name='..\SunRacerFMod\Build\Desktop/Master Bank.bank', mode=0x02010082
[LOG] SystemI::createSoundInternal             :     exinfo->cbsize             = 224
[LOG] SystemI::createSoundInternal             :     exinfo->length             = 4111008
[LOG] SystemI::createSoundInternal             :     exinfo->fileoffset         = 23552
[LOG] SystemI::createSoundInternal             :     exinfo->numsubsounds       = 1
[LOG] SystemI::createSoundInternal             :     exinfo->inclusionlist      = 000001833B655380
[LOG] SystemI::createSoundInternal             :     exinfo->inclusionlistnum   = 1
[LOG] SystemI::createSoundInternal             :     exinfo->suggestedsoundtype = 5
[LOG] SystemI::createSoundInternal             :     exinfo->initialseekposition = 8000
[LOG] SystemI::createSoundInternal             :     exinfo->initialseekpostype = 1
[LOG] SystemI::createSoundInternal             :     Stream 0/1: name='249904__yapppy__chillout-beat-120bpm', format=2, channels=2, frequency=48000, lengthbytes=686816, lengthpcm=2688000, pcmblocksize=0, loopstart=0, loopend=0, mode=0x00000000, channelmask=0x00000000, channelorder=0, peakvolume=0.975647.
[LOG] AsyncThread::threadFunc                  : Finished Asynchronous operation on sound 000001832D94FB18
[LOG] SoundI::getSubSound                      : sound 000001832D94FB18.  Subsound index 0 / 1
[LOG] SoundI::release                          : 249904__yapppy__chillout-beat-120bpm (000001832D94F958)
[LOG] SoundI::release                          :     249904__yapppy__chillout-beat-120bpm (000001832D15FC08)
[LOG] SoundI::release                          :     249904__yapppy__chillout-beat-120bpm (000001832D950AD8)
[LOG] SoundI::release                          :  (0000018374ABF9D8)
[LOG] SoundI::release                          :     411749__natty23__bell-ding (000001832D1611F8)
[LOG] SoundI::release                          : 249904__yapppy__chillout-beat-120bpm (000001832D94FB18)
[LOG] SoundI::release                          :     249904__yapppy__chillout-beat-120bpm (000001832D15FA58)
[LOG] SoundI::release                          :     249904__yapppy__chillout-beat-120bpm (000001832D951018)
[LOG] SoundI::release                          :  (00000183463ADAB8)
[LOG] SoundI::release                          :     FMF_ArpOrg_120C (000001832D877D28)
[LOG] SoundI::release                          :  (00000183463AD1B8)
[LOG] SoundI::release                          :     FMF_Twinkee_120A (000001832D878238)
[LOG] SoundI::release                          :  (00000183463AD638)
[LOG] SoundI::release                          :     FMF_FuMPi_120A (000001832D878598)
[LOG] SoundI::release                          :  (00000183463AD338)
[LOG] SoundI::release                          :     FMF_FMBass_120C (000001832D877ED8)
[LOG] SoundI::release                          :  (00000183463ACD38)
[LOG] SoundI::release                          :     FMF_FuMPi_120C (000001832D878AA8)
[LOG] SoundI::release                          :  (000001832D1416A8)
[LOG] SoundI::release                          :     486234__bennettfilmteacher__whooshforwhipzoom (000001831879DF78)
[LOG] SoundI::release                          :  (000001832D141B28)
[LOG] SoundI::release                          :     435414__v-ktor__explosion11 (000001831879D708)
[LOG] Thread::callback                         : FMOD Studio update thread finished.
[LOG] Thread::callback                         : FMOD Studio bank load thread finished.
[LOG] Profile::disconnectAll                   : Profiler disconnecting all clients
[LOG] Thread::callback                         : FMOD Studio sample load thread finished.
[LOG] LiveUpdate::release                      : 
[LOG] LiveUpdate::reset                        : Reset connection (reason Disconnected)
[LOG] Thread::callback                         : FMOD stream thread finished.
[LOG] Thread::callback                         : FMOD mixer thread finished.
[LOG] Profile::disconnectAll                   : Profiler disconnecting all clients
[LOG] SystemI::close                           : Closed.
